Ign:1 http://packages.linuxmint.com una InRelease
Hit:2 http://archive.canonical.com/ubuntu focal InRelease
Hit:3 http://archive.ubuntu.com/ubuntu focal InRelease
Get:4 http://packages.linuxmint.com una Release [24.1 kB]
Get:5 http://security.ubuntu.com/ubuntu focal-security InRelease [114 kB]
Get:6 http://archive.ubuntu.com/ubuntu focal-updates InRelease [114 kB]
Get:7 http://packages.linuxmint.com una Release.gpg [833 B]
Get:8 http://packages.linuxmint.com una/upstream amd64 Packages [50.4 kB]
Get:9 http://security.ubuntu.com/ubuntu focal-security/main amd64 Packages [1,861 kB]
Get:10 http://archive.ubuntu.com/ubuntu focal-backports InRelease [108 kB]
Get:11 http://packages.linuxmint.com una/backport amd64 Packages [90.3 kB]
Get:12 http://packages.linuxmint.com una/backport i386 Packages [27.1 kB]
Get:13 http://archive.ubuntu.com/ubuntu focal-updates/main i386 Packages [756 kB]
Get:14 http://archive.ubuntu.com/ubuntu focal-updates/main amd64 Packages [2,236 kB]
Get:15 http://security.ubuntu.com/ubuntu focal-security/main i386 Packages [524 kB]
Get:16 http://security.ubuntu.com/ubuntu focal-security/main Translation-en [306 kB]
Get:17 http://security.ubuntu.com/ubuntu focal-security/main amd64 DEP-11 Metadata [40.8 kB]
Get:18 http://security.ubuntu.com/ubuntu focal-security/main amd64 c-n-f Metadata [11.4 kB]
Get:19 http://security.ubuntu.com/ubuntu focal-security/restricted amd64 Packages [1,332 kB]
Get:20 http://archive.ubuntu.com/ubuntu focal-updates/main Translation-en [390 kB]
Get:21 http://security.ubuntu.com/ubuntu focal-security/restricted i386 Packages [26.5 kB]
Get:22 http://archive.ubuntu.com/ubuntu focal-updates/main amd64 DEP-11 Metadata [275 kB]
Get:23 http://security.ubuntu.com/ubuntu focal-security/restricted Translation-en [188 kB]
Get:24 http://security.ubuntu.com/ubuntu focal-security/restricted amd64 c-n-f Metadata [640 B]
Get:25 http://security.ubuntu.com/ubuntu focal-security/universe amd64 Packages [773 kB]
Get:26 http://archive.ubuntu.com/ubuntu focal-updates/main amd64 c-n-f Metadata [16.1 kB]
Get:27 http://archive.ubuntu.com/ubuntu focal-updates/restricted i386 Packages [27.8 kB]
Get:28 http://archive.ubuntu.com/ubuntu focal-updates/restricted amd64 Packages [1,424 kB]
Get:29 http://security.ubuntu.com/ubuntu focal-security/universe i386 Packages [573 kB]
Get:30 http://security.ubuntu.com/ubuntu focal-security/universe Translation-en [149 kB]
Get:31 http://security.ubuntu.com/ubuntu focal-security/universe amd64 DEP-11 Metadata [94.0 kB]
Get:32 http://security.ubuntu.com/ubuntu focal-security/universe amd64 c-n-f Metadata [16.8 kB]
Get:33 http://security.ubuntu.com/ubuntu focal-security/multiverse i386 Packages [7,204 B]
Get:34 http://security.ubuntu.com/ubuntu focal-security/multiverse amd64 Packages [22.2 kB]
Get:35 http://security.ubuntu.com/ubuntu focal-security/multiverse Translation-en [5,400 B]
Get:36 http://security.ubuntu.com/ubuntu focal-security/multiverse amd64 DEP-11 Metadata [940 B]
Get:37 http://security.ubuntu.com/ubuntu focal-security/multiverse amd64 c-n-f Metadata [516 B]
Get:38 http://archive.ubuntu.com/ubuntu focal-updates/restricted Translation-en [202 kB]
Get:39 http://archive.ubuntu.com/ubuntu focal-updates/restricted amd64 c-n-f Metadata [636 B]
Get:40 http://archive.ubuntu.com/ubuntu focal-updates/universe amd64 Packages [1,004 kB]
Get:41 http://archive.ubuntu.com/ubuntu focal-updates/universe i386 Packages [704 kB]
Get:42 http://archive.ubuntu.com/ubuntu focal-updates/universe Translation-en [233 kB]
Get:43 http://archive.ubuntu.com/ubuntu focal-updates/universe amd64 DEP-11 Metadata [408 kB]
Get:44 http://archive.ubuntu.com/ubuntu focal-updates/universe amd64 c-n-f Metadata [23.2 kB]
Get:45 http://archive.ubuntu.com/ubuntu focal-updates/multiverse amd64 Packages [24.4 kB]
Get:46 http://archive.ubuntu.com/ubuntu focal-updates/multiverse i386 Packages [8,448 B]
Get:47 http://archive.ubuntu.com/ubuntu focal-updates/multiverse amd64 DEP-11 Metadata [944 B]
Get:48 http://archive.ubuntu.com/ubuntu focal-updates/multiverse amd64 c-n-f Metadata [592 B]
Get:49 http://archive.ubuntu.com/ubuntu focal-backports/main i386 Packages [36.1 kB]
Get:50 http://archive.ubuntu.com/ubuntu focal-backports/main amd64 Packages [45.7 kB]
Get:51 http://archive.ubuntu.com/ubuntu focal-backports/main amd64 DEP-11 Metadata [7,988 B]
Get:52 http://archive.ubuntu.com/ubuntu focal-backports/main amd64 c-n-f Metadata [1,420 B]
Get:53 http://archive.ubuntu.com/ubuntu focal-backports/universe i386 Packages [13.5 kB]
Get:54 http://archive.ubuntu.com/ubuntu focal-backports/universe amd64 Packages [24.0 kB]
Get:55 http://archive.ubuntu.com/ubuntu focal-backports/universe Translation-en [16.0 kB]
Get:56 http://archive.ubuntu.com/ubuntu focal-backports/universe amd64 DEP-11 Metadata [30.5 kB]
Get:57 http://archive.ubuntu.com/ubuntu focal-backports/universe amd64 c-n-f Metadata [860 B]
Fetched 14.4 MB in 36s (398 kB/s)
Reading package lists...
